2025-01-16 15:46:00,349 - INFO - ############################################################################################
2025-01-16 15:46:00,349 - INFO - #####################################  任务开始于此处  #####################################
2025-01-16 15:46:00,349 - INFO - ############################################################################################

2025-01-16 15:46:00,349 - INFO - ######################################################################################

2025-01-16 15:46:03,566 - INFO - ******************************      B币券      ******************************
2025-01-16 15:46:03,567 - WARNING - Code    : 69801
2025-01-16 15:46:03,567 - WARNING - Message : 你已领取过该权益
2025-01-16 15:46:03,568 - INFO - {'code': 69801, 'message': '你已领取过该权益', 'ttl': 1, 'data': None}
2025-01-16 15:46:03,568 - INFO - ******************************************************************************

2025-01-16 15:46:06,762 - INFO - ******************************   会员购优惠券   ******************************
2025-01-16 15:46:06,763 - WARNING - Code    : 69801
2025-01-16 15:46:06,763 - WARNING - Message : 你已领取过该权益
2025-01-16 15:46:06,764 - INFO - {'code': 69801, 'message': '你已领取过该权益', 'ttl': 1, 'data': None}
2025-01-16 15:46:06,764 - INFO - ******************************************************************************

2025-01-16 15:46:09,975 - INFO - ******************************    漫画福利券    ******************************
2025-01-16 15:46:09,976 - WARNING - Code    : 69801
2025-01-16 15:46:09,976 - WARNING - Message : 你已领取过该权益
2025-01-16 15:46:09,976 - INFO - {'code': 69801, 'message': '你已领取过该权益', 'ttl': 1, 'data': None}
2025-01-16 15:46:09,977 - INFO - ******************************************************************************

2025-01-16 15:46:09,977 - INFO - ######################################################################################








2025-01-16 15:46:09,984 - INFO - Adding job tentatively -- it will be properly scheduled when the scheduler starts
2025-01-16 15:46:09,984 - INFO - Added job "vip_privilege" to job store "default"
2025-01-16 15:46:09,984 - INFO - Scheduler started
2025-01-16 15:46:09,985 - DEBUG - Looking for jobs to run
2025-01-16 15:46:09,985 - INFO - Adding job tentatively -- it will be properly scheduled when the scheduler starts
2025-01-16 15:46:09,985 - DEBUG - Next wakeup is due at 2025-01-16 15:50:00+08:00 (in 230.014304 seconds)
2025-01-16 15:46:09,986 - INFO - Added job "task_summary" to job store "default"
2025-01-16 15:46:09,986 - INFO - Scheduler started
2025-01-16 15:46:09,986 - DEBUG - Looking for jobs to run
2025-01-16 15:46:09,986 - DEBUG - Next wakeup is due at 2025-01-16 15:47:00+08:00 (in 50.013618 seconds)
2025-01-16 15:47:00,000 - DEBUG - Looking for jobs to run
2025-01-16 15:47:00,001 - INFO - 这是一次总结
2025-01-16 15:47:00,003 - DEBUG - Next wakeup is due at 2025-01-16 15:48:00+08:00 (in 59.997036 seconds)
2025-01-16 15:49:33,202 - INFO - ############################################################################################
2025-01-16 15:49:33,202 - INFO - #####################################  任务开始于此处  #####################################
2025-01-16 15:49:33,203 - INFO - ############################################################################################

2025-01-16 15:49:33,203 - INFO - ######################################################################################

2025-01-16 15:49:36,410 - INFO - ******************************      B币券      ******************************
2025-01-16 15:49:36,411 - WARNING - Code    : 69801
2025-01-16 15:49:36,411 - WARNING - Message : 你已领取过该权益
2025-01-16 15:49:36,411 - INFO - {'code': 69801, 'message': '你已领取过该权益', 'ttl': 1, 'data': None}
2025-01-16 15:49:36,412 - INFO - ******************************************************************************

2025-01-16 15:49:39,610 - INFO - ******************************   会员购优惠券   ******************************
2025-01-16 15:49:39,611 - WARNING - Code    : 69801
2025-01-16 15:49:39,612 - WARNING - Message : 你已领取过该权益
2025-01-16 15:49:39,612 - INFO - {'code': 69801, 'message': '你已领取过该权益', 'ttl': 1, 'data': None}
2025-01-16 15:49:39,612 - INFO - ******************************************************************************

2025-01-16 15:49:42,831 - INFO - ******************************    漫画福利券    ******************************
2025-01-16 15:49:42,831 - WARNING - Code    : 69801
2025-01-16 15:49:42,832 - WARNING - Message : 你已领取过该权益
2025-01-16 15:49:42,832 - INFO - {'code': 69801, 'message': '你已领取过该权益', 'ttl': 1, 'data': None}
2025-01-16 15:49:42,832 - INFO - ******************************************************************************

2025-01-16 15:49:42,832 - INFO - ######################################################################################








2025-01-16 15:49:42,839 - INFO - Adding job tentatively -- it will be properly scheduled when the scheduler starts
2025-01-16 15:49:42,840 - INFO - Added job "vip_privilege" to job store "default"
2025-01-16 15:49:42,840 - INFO - Scheduler started
2025-01-16 15:49:42,840 - DEBUG - Looking for jobs to run
2025-01-16 15:49:42,840 - DEBUG - Next wakeup is due at 2025-01-16 15:50:00+08:00 (in 17.159037 seconds)
2025-01-16 15:49:42,841 - INFO - Adding job tentatively -- it will be properly scheduled when the scheduler starts
2025-01-16 15:49:42,841 - INFO - Added job "task_summary" to job store "default"
2025-01-16 15:49:42,841 - INFO - Scheduler started
2025-01-16 15:49:42,841 - DEBUG - Looking for jobs to run
2025-01-16 15:49:42,841 - DEBUG - Next wakeup is due at 2025-01-16 15:50:00+08:00 (in 17.158215 seconds)
2025-01-16 15:50:00,000 - DEBUG - Looking for jobs to run
2025-01-16 15:50:00,001 - DEBUG - Looking for jobs to run
2025-01-16 15:50:00,002 - INFO - ######################################################################################

2025-01-16 15:50:00,003 - DEBUG - Next wakeup is due at 2025-01-16 16:00:00+08:00 (in 599.996411 seconds)
2025-01-16 15:50:00,004 - INFO - 这是一次总结
2025-01-16 15:50:00,005 - DEBUG - Next wakeup is due at 2025-01-16 15:51:00+08:00 (in 59.994876 seconds)
2025-01-16 15:50:03,203 - INFO - ******************************      B币券      ******************************
2025-01-16 15:50:03,203 - WARNING - Code    : 69801
2025-01-16 15:50:03,203 - WARNING - Message : 你已领取过该权益
2025-01-16 15:50:03,204 - INFO - {'code': 69801, 'message': '你已领取过该权益', 'ttl': 1, 'data': None}
2025-01-16 15:50:03,204 - INFO - ******************************************************************************

2025-01-16 15:50:06,411 - INFO - ******************************   会员购优惠券   ******************************
2025-01-16 15:50:06,411 - WARNING - Code    : 69801
2025-01-16 15:50:06,412 - WARNING - Message : 你已领取过该权益
2025-01-16 15:50:06,412 - INFO - {'code': 69801, 'message': '你已领取过该权益', 'ttl': 1, 'data': None}
2025-01-16 15:50:06,412 - INFO - ******************************************************************************

2025-01-16 15:50:09,606 - INFO - ******************************    漫画福利券    ******************************
2025-01-16 15:50:09,607 - WARNING - Code    : 69801
2025-01-16 15:50:09,607 - WARNING - Message : 你已领取过该权益
2025-01-16 15:50:09,607 - INFO - {'code': 69801, 'message': '你已领取过该权益', 'ttl': 1, 'data': None}
2025-01-16 15:50:09,607 - INFO - ******************************************************************************

2025-01-16 15:50:09,608 - INFO - ######################################################################################








2025-01-16 15:50:28,364 - INFO - ############################################################################################
2025-01-16 15:50:28,364 - INFO - #####################################  任务开始于此处  #####################################
2025-01-16 15:50:28,364 - INFO - ############################################################################################

2025-01-16 15:50:28,364 - INFO - ######################################################################################

2025-01-16 15:50:31,531 - INFO - ******************************      B币券      ******************************
2025-01-16 15:50:31,532 - WARNING - Code    : 69801
2025-01-16 15:50:31,532 - WARNING - Message : 你已领取过该权益
2025-01-16 15:50:31,532 - INFO - {'code': 69801, 'message': '你已领取过该权益', 'ttl': 1, 'data': None}
2025-01-16 15:50:31,532 - INFO - ******************************************************************************

2025-01-16 15:50:34,698 - INFO - ******************************   会员购优惠券   ******************************
2025-01-16 15:50:34,698 - WARNING - Code    : 69801
2025-01-16 15:50:34,699 - WARNING - Message : 你已领取过该权益
2025-01-16 15:50:34,699 - INFO - {'code': 69801, 'message': '你已领取过该权益', 'ttl': 1, 'data': None}
2025-01-16 15:50:34,699 - INFO - ******************************************************************************

2025-01-16 15:50:37,860 - INFO - ******************************    漫画福利券    ******************************
2025-01-16 15:50:37,861 - WARNING - Code    : 69801
2025-01-16 15:50:37,861 - WARNING - Message : 你已领取过该权益
2025-01-16 15:50:37,862 - INFO - {'code': 69801, 'message': '你已领取过该权益', 'ttl': 1, 'data': None}
2025-01-16 15:50:37,862 - INFO - ******************************************************************************

2025-01-16 15:50:37,862 - INFO - ######################################################################################








2025-01-16 15:50:37,869 - INFO - Adding job tentatively -- it will be properly scheduled when the scheduler starts
2025-01-16 15:50:37,870 - INFO - Added job "vip_privilege" to job store "default"
2025-01-16 15:50:37,870 - INFO - Scheduler started
2025-01-16 15:50:37,870 - DEBUG - Looking for jobs to run
2025-01-16 15:50:37,870 - DEBUG - Next wakeup is due at 2025-01-16 16:00:00+08:00 (in 562.129467 seconds)
2025-01-16 15:50:37,870 - INFO - Adding job tentatively -- it will be properly scheduled when the scheduler starts
2025-01-16 15:50:37,871 - INFO - Added job "task_summary" to job store "default"
2025-01-16 15:50:37,871 - INFO - Scheduler started
2025-01-16 15:50:37,871 - DEBUG - Looking for jobs to run
2025-01-16 15:50:37,871 - DEBUG - Next wakeup is due at 2025-01-16 15:51:00+08:00 (in 22.128598 seconds)
2025-01-16 15:51:00,000 - DEBUG - Looking for jobs to run
2025-01-16 15:51:00,001 - INFO - 这是一次总结
2025-01-16 15:51:00,002 - DEBUG - Next wakeup is due at 2025-01-16 15:52:00+08:00 (in 59.997362 seconds)
2025-01-16 15:52:00,000 - DEBUG - Looking for jobs to run
2025-01-16 15:52:00,001 - DEBUG - Next wakeup is due at 2025-01-16 15:53:00+08:00 (in 59.998288 seconds)
2025-01-16 15:52:00,002 - INFO - 这是一次总结
2025-01-16 15:53:00,000 - DEBUG - Looking for jobs to run
2025-01-16 15:53:00,001 - DEBUG - Next wakeup is due at 2025-01-16 15:54:00+08:00 (in 59.998428 seconds)
2025-01-16 15:53:00,002 - INFO - 这是一次总结
2025-01-16 15:54:00,000 - DEBUG - Looking for jobs to run
2025-01-16 15:54:00,001 - DEBUG - Next wakeup is due at 2025-01-16 15:55:00+08:00 (in 59.998400 seconds)
2025-01-16 15:54:00,002 - INFO - 这是一次总结
2025-01-16 15:55:00,000 - DEBUG - Looking for jobs to run
2025-01-16 15:55:00,001 - DEBUG - Next wakeup is due at 2025-01-16 15:56:00+08:00 (in 59.998314 seconds)
2025-01-16 15:55:00,002 - INFO - 这是一次总结
2025-01-16 15:56:00,000 - DEBUG - Looking for jobs to run
2025-01-16 15:56:00,001 - DEBUG - Next wakeup is due at 2025-01-16 15:57:00+08:00 (in 59.998271 seconds)
2025-01-16 15:56:00,002 - INFO - 这是一次总结
2025-01-16 15:57:00,000 - DEBUG - Looking for jobs to run
2025-01-16 15:57:00,001 - DEBUG - Next wakeup is due at 2025-01-16 15:58:00+08:00 (in 59.998380 seconds)
2025-01-16 15:57:00,002 - INFO - 这是一次总结
2025-01-16 15:58:00,000 - DEBUG - Looking for jobs to run
2025-01-16 15:58:00,001 - DEBUG - Next wakeup is due at 2025-01-16 15:59:00+08:00 (in 59.998287 seconds)
2025-01-16 15:58:00,002 - INFO - 这是一次总结
2025-01-16 15:59:00,000 - DEBUG - Looking for jobs to run
2025-01-16 15:59:00,001 - DEBUG - Next wakeup is due at 2025-01-16 16:00:00+08:00 (in 59.998306 seconds)
2025-01-16 15:59:00,002 - INFO - 这是一次总结
2025-01-16 16:00:00,000 - DEBUG - Looking for jobs to run
2025-01-16 16:00:00,000 - DEBUG - Looking for jobs to run
2025-01-16 16:00:00,002 - DEBUG - Next wakeup is due at 2025-01-16 16:01:00+08:00 (in 59.997322 seconds)
2025-01-16 16:00:00,003 - INFO - 这是一次总结
2025-01-16 16:00:00,003 - INFO - ######################################################################################

2025-01-16 16:00:00,004 - DEBUG - Next wakeup is due at 2025-01-16 16:10:00+08:00 (in 599.995450 seconds)
2025-01-16 16:00:03,223 - INFO - ******************************      B币券      ******************************
2025-01-16 16:00:03,223 - WARNING - Code    : 69801
2025-01-16 16:00:03,224 - WARNING - Message : 你已领取过该权益
2025-01-16 16:00:03,224 - INFO - {'code': 69801, 'message': '你已领取过该权益', 'ttl': 1, 'data': None}
2025-01-16 16:00:03,224 - INFO - ******************************************************************************

2025-01-16 16:00:06,447 - INFO - ******************************   会员购优惠券   ******************************
2025-01-16 16:00:06,447 - WARNING - Code    : 69801
2025-01-16 16:00:06,448 - WARNING - Message : 你已领取过该权益
2025-01-16 16:00:06,448 - INFO - {'code': 69801, 'message': '你已领取过该权益', 'ttl': 1, 'data': None}
2025-01-16 16:00:06,448 - INFO - ******************************************************************************

2025-01-16 16:00:09,672 - INFO - ******************************    漫画福利券    ******************************
2025-01-16 16:00:09,673 - WARNING - Code    : 69801
2025-01-16 16:00:09,673 - WARNING - Message : 你已领取过该权益
2025-01-16 16:00:09,673 - INFO - {'code': 69801, 'message': '你已领取过该权益', 'ttl': 1, 'data': None}
2025-01-16 16:00:09,674 - INFO - ******************************************************************************

2025-01-16 16:00:09,674 - INFO - ######################################################################################








2025-01-16 16:01:00,000 - DEBUG - Looking for jobs to run
2025-01-16 16:01:00,002 - DEBUG - Next wakeup is due at 2025-01-16 16:02:00+08:00 (in 59.997712 seconds)
2025-01-16 16:01:00,002 - INFO - 这是一次总结
2025-01-16 16:02:00,000 - DEBUG - Looking for jobs to run
2025-01-16 16:02:00,001 - DEBUG - Next wakeup is due at 2025-01-16 16:03:00+08:00 (in 59.998245 seconds)
2025-01-16 16:02:00,002 - INFO - 这是一次总结
2025-01-16 16:03:00,000 - DEBUG - Looking for jobs to run
2025-01-16 16:03:00,001 - DEBUG - Next wakeup is due at 2025-01-16 16:04:00+08:00 (in 59.998277 seconds)
2025-01-16 16:03:00,002 - INFO - 这是一次总结
2025-01-16 16:04:00,000 - DEBUG - Looking for jobs to run
2025-01-16 16:04:00,001 - DEBUG - Next wakeup is due at 2025-01-16 16:05:00+08:00 (in 59.998364 seconds)
2025-01-16 16:04:00,002 - INFO - 这是一次总结
2025-01-16 16:05:00,000 - DEBUG - Looking for jobs to run
2025-01-16 16:05:00,001 - DEBUG - Next wakeup is due at 2025-01-16 16:06:00+08:00 (in 59.998409 seconds)
2025-01-16 16:05:00,002 - INFO - 这是一次总结
2025-01-16 16:06:00,000 - DEBUG - Looking for jobs to run
2025-01-16 16:06:00,001 - DEBUG - Next wakeup is due at 2025-01-16 16:07:00+08:00 (in 59.998421 seconds)
2025-01-16 16:06:00,002 - INFO - 这是一次总结
2025-01-16 16:07:00,000 - DEBUG - Looking for jobs to run
2025-01-16 16:07:00,001 - DEBUG - Next wakeup is due at 2025-01-16 16:08:00+08:00 (in 59.998332 seconds)
2025-01-16 16:07:00,002 - INFO - 这是一次总结
2025-01-16 16:08:00,000 - DEBUG - Looking for jobs to run
2025-01-16 16:08:00,001 - DEBUG - Next wakeup is due at 2025-01-16 16:09:00+08:00 (in 59.998327 seconds)
2025-01-16 16:08:00,002 - INFO - 这是一次总结
2025-01-16 16:09:00,000 - DEBUG - Looking for jobs to run
2025-01-16 16:09:00,001 - DEBUG - Next wakeup is due at 2025-01-16 16:10:00+08:00 (in 59.998360 seconds)
2025-01-16 16:09:00,002 - INFO - 这是一次总结
2025-01-16 16:10:00,000 - DEBUG - Looking for jobs to run
2025-01-16 16:10:00,001 - DEBUG - Next wakeup is due at 2025-01-16 16:11:00+08:00 (in 59.998391 seconds)
2025-01-16 16:10:00,002 - INFO - 这是一次总结
2025-01-16 16:10:00,002 - DEBUG - Looking for jobs to run
2025-01-16 16:10:00,004 - DEBUG - Next wakeup is due at 2025-01-16 16:20:00+08:00 (in 599.995892 seconds)
2025-01-16 16:10:00,004 - INFO - ######################################################################################

2025-01-16 16:10:03,183 - INFO - ******************************      B币券      ******************************
2025-01-16 16:10:03,184 - WARNING - Code    : 69801
2025-01-16 16:10:03,184 - WARNING - Message : 你已领取过该权益
2025-01-16 16:10:03,184 - INFO - {'code': 69801, 'message': '你已领取过该权益', 'ttl': 1, 'data': None}
2025-01-16 16:10:03,185 - INFO - ******************************************************************************

2025-01-16 16:10:06,368 - INFO - ******************************   会员购优惠券   ******************************
2025-01-16 16:10:06,368 - WARNING - Code    : 69801
2025-01-16 16:10:06,369 - WARNING - Message : 你已领取过该权益
2025-01-16 16:10:06,369 - INFO - {'code': 69801, 'message': '你已领取过该权益', 'ttl': 1, 'data': None}
2025-01-16 16:10:06,369 - INFO - ******************************************************************************

2025-01-16 16:10:09,570 - INFO - ******************************    漫画福利券    ******************************
2025-01-16 16:10:09,571 - WARNING - Code    : 69801
2025-01-16 16:10:09,571 - WARNING - Message : 你已领取过该权益
2025-01-16 16:10:09,571 - INFO - {'code': 69801, 'message': '你已领取过该权益', 'ttl': 1, 'data': None}
2025-01-16 16:10:09,571 - INFO - ******************************************************************************

2025-01-16 16:10:09,572 - INFO - ######################################################################################








2025-01-16 16:11:00,000 - DEBUG - Looking for jobs to run
2025-01-16 16:11:00,002 - DEBUG - Next wakeup is due at 2025-01-16 16:12:00+08:00 (in 59.997851 seconds)
2025-01-16 16:11:00,002 - INFO - 这是一次总结
2025-01-16 16:12:00,000 - DEBUG - Looking for jobs to run
2025-01-16 16:12:00,001 - DEBUG - Next wakeup is due at 2025-01-16 16:13:00+08:00 (in 59.998348 seconds)
2025-01-16 16:12:00,002 - INFO - 这是一次总结
2025-01-16 16:13:00,000 - DEBUG - Looking for jobs to run
2025-01-16 16:13:00,001 - DEBUG - Next wakeup is due at 2025-01-16 16:14:00+08:00 (in 59.998401 seconds)
2025-01-16 16:13:00,002 - INFO - 这是一次总结
2025-01-16 16:14:00,000 - DEBUG - Looking for jobs to run
2025-01-16 16:14:00,001 - DEBUG - Next wakeup is due at 2025-01-16 16:15:00+08:00 (in 59.998417 seconds)
2025-01-16 16:14:00,002 - INFO - 这是一次总结
2025-01-16 16:15:00,000 - DEBUG - Looking for jobs to run
2025-01-16 16:15:00,001 - DEBUG - Next wakeup is due at 2025-01-16 16:16:00+08:00 (in 59.998414 seconds)
2025-01-16 16:15:00,002 - INFO - 这是一次总结
2025-01-16 16:16:00,000 - DEBUG - Looking for jobs to run
2025-01-16 16:16:00,001 - DEBUG - Next wakeup is due at 2025-01-16 16:17:00+08:00 (in 59.998336 seconds)
2025-01-16 16:16:00,002 - INFO - 这是一次总结
2025-01-16 16:16:08,215 - INFO - ############################################################################################
2025-01-16 16:16:08,215 - INFO - #####################################  任务开始于此处  #####################################
2025-01-16 16:16:08,215 - INFO - ############################################################################################

2025-01-16 16:16:08,215 - INFO - ######################################################################################

2025-01-16 16:16:11,384 - INFO - ******************************      B币券      ******************************
2025-01-16 16:16:11,385 - WARNING - Code    : 69801
2025-01-16 16:16:11,385 - WARNING - Message : 你已领取过该权益
2025-01-16 16:16:11,385 - INFO - {'code': 69801, 'message': '你已领取过该权益', 'ttl': 1, 'data': None}
2025-01-16 16:16:11,385 - INFO - ******************************************************************************

2025-01-16 16:16:14,512 - INFO - ******************************   会员购优惠券   ******************************
2025-01-16 16:16:14,513 - WARNING - Code    : 69801
2025-01-16 16:16:14,513 - WARNING - Message : 你已领取过该权益
2025-01-16 16:16:14,513 - INFO - {'code': 69801, 'message': '你已领取过该权益', 'ttl': 1, 'data': None}
2025-01-16 16:16:14,513 - INFO - ******************************************************************************

2025-01-16 16:16:17,687 - INFO - ******************************    漫画福利券    ******************************
2025-01-16 16:16:17,687 - WARNING - Code    : 69801
2025-01-16 16:16:17,688 - WARNING - Message : 你已领取过该权益
2025-01-16 16:16:17,688 - INFO - {'code': 69801, 'message': '你已领取过该权益', 'ttl': 1, 'data': None}
2025-01-16 16:16:17,688 - INFO - ******************************************************************************

2025-01-16 16:16:17,688 - INFO - ######################################################################################








2025-01-16 16:16:17,695 - INFO - Adding job tentatively -- it will be properly scheduled when the scheduler starts
2025-01-16 16:16:17,696 - INFO - Added job "vip_privilege" to job store "default"
2025-01-16 16:16:17,696 - INFO - Scheduler started
2025-01-16 16:16:17,696 - DEBUG - Looking for jobs to run
2025-01-16 16:16:17,696 - DEBUG - Next wakeup is due at 2025-01-16 16:20:00+08:00 (in 222.303267 seconds)
2025-01-16 16:16:17,697 - INFO - Adding job tentatively -- it will be properly scheduled when the scheduler starts
2025-01-16 16:16:17,697 - INFO - Added job "task_summary" to job store "default"
2025-01-16 16:16:17,697 - INFO - Scheduler started
2025-01-16 16:16:17,697 - DEBUG - Looking for jobs to run
2025-01-16 16:16:17,697 - DEBUG - Next wakeup is due at 2025-01-16 16:17:00+08:00 (in 42.302469 seconds)
2025-01-16 16:17:00,000 - DEBUG - Looking for jobs to run
2025-01-16 16:17:00,002 - INFO - 这是一次总结，状态码： -1
2025-01-16 16:17:00,003 - DEBUG - Next wakeup is due at 2025-01-16 16:18:00+08:00 (in 59.996842 seconds)
2025-01-16 16:18:00,000 - DEBUG - Looking for jobs to run
2025-01-16 16:18:00,001 - DEBUG - Next wakeup is due at 2025-01-16 16:19:00+08:00 (in 59.998173 seconds)
2025-01-16 16:18:00,002 - INFO - 这是一次总结，状态码： -1
2025-01-16 16:19:00,000 - DEBUG - Looking for jobs to run
2025-01-16 16:19:00,001 - DEBUG - Next wakeup is due at 2025-01-16 16:20:00+08:00 (in 59.998411 seconds)
2025-01-16 16:19:00,002 - INFO - 这是一次总结，状态码： -1
2025-01-16 16:19:55,009 - INFO - ############################################################################################
2025-01-16 16:19:55,009 - INFO - #####################################  任务开始于此处  #####################################
2025-01-16 16:19:55,009 - INFO - ############################################################################################

2025-01-16 16:19:55,009 - INFO - ######################################################################################

2025-01-16 16:19:58,141 - INFO - ******************************      B币券      ******************************
2025-01-16 16:19:58,141 - WARNING - Code    : 69801
2025-01-16 16:19:58,142 - WARNING - Message : 你已领取过该权益
2025-01-16 16:19:58,142 - INFO - {'code': 69801, 'message': '你已领取过该权益', 'ttl': 1, 'data': None}
2025-01-16 16:19:58,142 - INFO - ******************************************************************************

2025-01-16 16:20:01,291 - INFO - ******************************   会员购优惠券   ******************************
2025-01-16 16:20:01,292 - WARNING - Code    : 69801
2025-01-16 16:20:01,292 - WARNING - Message : 你已领取过该权益
2025-01-16 16:20:01,292 - INFO - {'code': 69801, 'message': '你已领取过该权益', 'ttl': 1, 'data': None}
2025-01-16 16:20:01,292 - INFO - ******************************************************************************

2025-01-16 16:20:04,431 - INFO - ******************************    漫画福利券    ******************************
2025-01-16 16:20:04,432 - WARNING - Code    : 69801
2025-01-16 16:20:04,432 - WARNING - Message : 你已领取过该权益
2025-01-16 16:20:04,432 - INFO - {'code': 69801, 'message': '你已领取过该权益', 'ttl': 1, 'data': None}
2025-01-16 16:20:04,432 - INFO - ******************************************************************************

2025-01-16 16:20:04,433 - INFO - ######################################################################################








2025-01-16 16:20:04,440 - INFO - Adding job tentatively -- it will be properly scheduled when the scheduler starts
2025-01-16 16:20:04,440 - INFO - Added job "vip_privilege" to job store "default"
2025-01-16 16:20:04,441 - INFO - Scheduler started
2025-01-16 16:20:04,441 - DEBUG - Looking for jobs to run
2025-01-16 16:20:04,441 - DEBUG - Next wakeup is due at 2025-01-16 16:30:00+08:00 (in 595.558536 seconds)
2025-01-16 16:20:04,441 - INFO - Adding job tentatively -- it will be properly scheduled when the scheduler starts
2025-01-16 16:20:04,442 - INFO - Added job "task_summary" to job store "default"
2025-01-16 16:20:04,442 - INFO - Scheduler started
2025-01-16 16:20:04,442 - DEBUG - Looking for jobs to run
2025-01-16 16:20:04,442 - DEBUG - Next wakeup is due at 2025-01-16 16:21:00+08:00 (in 55.557696 seconds)
2025-01-16 16:20:44,598 - INFO - ############################################################################################
2025-01-16 16:20:44,599 - INFO - #####################################  任务开始于此处  #####################################
2025-01-16 16:20:44,599 - INFO - ############################################################################################

2025-01-16 16:20:44,599 - INFO - ######################################################################################

2025-01-16 16:20:47,788 - INFO - ******************************      B币券      ******************************
2025-01-16 16:20:47,789 - WARNING - Code    : 69801
2025-01-16 16:20:47,790 - WARNING - Message : 你已领取过该权益
2025-01-16 16:20:47,790 - INFO - {'code': 69801, 'message': '你已领取过该权益', 'ttl': 1, 'data': None}
2025-01-16 16:20:47,790 - INFO - ******************************************************************************

2025-01-16 16:20:50,954 - INFO - ******************************   会员购优惠券   ******************************
2025-01-16 16:20:50,955 - WARNING - Code    : 69801
2025-01-16 16:20:50,955 - WARNING - Message : 你已领取过该权益
2025-01-16 16:20:50,955 - INFO - {'code': 69801, 'message': '你已领取过该权益', 'ttl': 1, 'data': None}
2025-01-16 16:20:50,955 - INFO - ******************************************************************************

2025-01-16 16:20:54,091 - INFO - ******************************    漫画福利券    ******************************
2025-01-16 16:20:54,092 - WARNING - Code    : 69801
2025-01-16 16:20:54,092 - WARNING - Message : 你已领取过该权益
2025-01-16 16:20:54,093 - INFO - {'code': 69801, 'message': '你已领取过该权益', 'ttl': 1, 'data': None}
2025-01-16 16:20:54,093 - INFO - ******************************************************************************

2025-01-16 16:20:54,093 - INFO - ######################################################################################








2025-01-16 16:20:54,099 - INFO - Adding job tentatively -- it will be properly scheduled when the scheduler starts
2025-01-16 16:20:54,100 - INFO - Added job "vip_privilege" to job store "default"
2025-01-16 16:20:54,100 - INFO - Scheduler started
2025-01-16 16:20:54,101 - DEBUG - Looking for jobs to run
2025-01-16 16:20:54,101 - DEBUG - Next wakeup is due at 2025-01-16 16:30:00+08:00 (in 545.898694 seconds)
2025-01-16 16:20:54,101 - INFO - Adding job tentatively -- it will be properly scheduled when the scheduler starts
2025-01-16 16:20:54,101 - INFO - Added job "task_summary" to job store "default"
2025-01-16 16:20:54,101 - INFO - Scheduler started
2025-01-16 16:20:54,102 - DEBUG - Looking for jobs to run
2025-01-16 16:20:54,102 - DEBUG - Next wakeup is due at 2025-01-16 16:21:00+08:00 (in 5.897863 seconds)
2025-01-16 16:21:00,000 - DEBUG - Looking for jobs to run
2025-01-16 16:21:00,002 - DEBUG - Next wakeup is due at 2025-01-16 16:22:00+08:00 (in 59.997460 seconds)
2025-01-16 16:22:00,000 - DEBUG - Looking for jobs to run
2025-01-16 16:22:00,001 - DEBUG - Next wakeup is due at 2025-01-16 16:23:00+08:00 (in 59.998287 seconds)
2025-01-16 16:23:00,000 - DEBUG - Looking for jobs to run
2025-01-16 16:23:00,001 - DEBUG - Next wakeup is due at 2025-01-16 16:24:00+08:00 (in 59.998313 seconds)
2025-01-16 16:23:22,942 - INFO - ############################################################################################
2025-01-16 16:23:22,942 - INFO - #####################################  任务开始于此处  #####################################
2025-01-16 16:23:22,942 - INFO - ############################################################################################

2025-01-16 16:24:03,180 - INFO - ############################################################################################
2025-01-16 16:24:03,181 - INFO - #####################################  任务开始于此处  #####################################
2025-01-16 16:24:03,181 - INFO - ############################################################################################

2025-01-16 16:24:03,181 - INFO - ######################################################################################

2025-01-16 16:24:06,420 - INFO - ******************************      B币券      ******************************
2025-01-16 16:24:06,421 - WARNING - Code    : 69801
2025-01-16 16:24:06,421 - WARNING - Message : 你已领取过该权益
2025-01-16 16:24:06,422 - INFO - {'code': 69801, 'message': '你已领取过该权益', 'ttl': 1, 'data': None}
2025-01-16 16:24:06,422 - INFO - ******************************************************************************

2025-01-16 16:24:09,607 - INFO - ******************************   会员购优惠券   ******************************
2025-01-16 16:24:09,607 - WARNING - Code    : 69801
2025-01-16 16:24:09,608 - WARNING - Message : 你已领取过该权益
2025-01-16 16:24:09,608 - INFO - {'code': 69801, 'message': '你已领取过该权益', 'ttl': 1, 'data': None}
2025-01-16 16:24:09,608 - INFO - ******************************************************************************

2025-01-16 16:24:12,787 - INFO - ******************************    漫画福利券    ******************************
2025-01-16 16:24:12,787 - WARNING - Code    : 69801
2025-01-16 16:24:12,788 - WARNING - Message : 你已领取过该权益
2025-01-16 16:24:12,788 - INFO - {'code': 69801, 'message': '你已领取过该权益', 'ttl': 1, 'data': None}
2025-01-16 16:24:12,788 - INFO - ******************************************************************************

2025-01-16 16:24:12,788 - INFO - ######################################################################################








2025-01-16 16:24:12,795 - INFO - Adding job tentatively -- it will be properly scheduled when the scheduler starts
2025-01-16 16:24:12,796 - INFO - Added job "vip_privilege" to job store "default"
2025-01-16 16:24:12,796 - INFO - Scheduler started
2025-01-16 16:24:12,796 - DEBUG - Looking for jobs to run
2025-01-16 16:24:12,796 - DEBUG - Next wakeup is due at 2025-01-16 16:30:00+08:00 (in 347.203375 seconds)
2025-01-16 16:24:12,796 - INFO - Adding job tentatively -- it will be properly scheduled when the scheduler starts
2025-01-16 16:24:12,797 - INFO - Added job "task_summary" to job store "default"
2025-01-16 16:24:12,797 - INFO - Scheduler started
2025-01-16 16:24:12,797 - DEBUG - Looking for jobs to run
2025-01-16 16:24:12,797 - DEBUG - Next wakeup is due at 2025-01-16 16:25:00+08:00 (in 47.202551 seconds)
2025-01-16 16:25:00,000 - DEBUG - Looking for jobs to run
2025-01-16 16:25:00,002 - DEBUG - Next wakeup is due at 2025-01-16 16:26:00+08:00 (in 59.997418 seconds)
2025-01-16 16:25:41,159 - INFO - ############################################################################################
2025-01-16 16:25:41,159 - INFO - #####################################  任务开始于此处  #####################################
2025-01-16 16:25:41,159 - INFO - ############################################################################################

2025-01-16 17:11:37,182 - INFO - ############################################################################################
2025-01-16 17:11:37,182 - INFO - #####################################  任务开始于此处  #####################################
2025-01-16 17:11:37,182 - INFO - ############################################################################################

2025-01-16 17:11:37,182 - INFO - ######################################################################################

2025-01-16 17:11:40,403 - INFO - ******************************      B币券      ******************************
2025-01-16 17:11:40,404 - WARNING - Code    : 69801
2025-01-16 17:11:40,404 - WARNING - Message : 你已领取过该权益
2025-01-16 17:11:40,404 - INFO - {'code': 69801, 'message': '你已领取过该权益', 'ttl': 1, 'data': None}
2025-01-16 17:11:40,404 - INFO - ******************************************************************************

2025-01-16 17:11:43,615 - INFO - ******************************   会员购优惠券   ******************************
2025-01-16 17:11:43,616 - WARNING - Code    : 69801
2025-01-16 17:11:43,616 - WARNING - Message : 你已领取过该权益
2025-01-16 17:11:43,616 - INFO - {'code': 69801, 'message': '你已领取过该权益', 'ttl': 1, 'data': None}
2025-01-16 17:11:43,616 - INFO - ******************************************************************************

2025-01-16 17:11:46,804 - INFO - ******************************    漫画福利券    ******************************
2025-01-16 17:11:46,804 - WARNING - Code    : 69801
2025-01-16 17:11:46,805 - WARNING - Message : 你已领取过该权益
2025-01-16 17:11:46,805 - INFO - {'code': 69801, 'message': '你已领取过该权益', 'ttl': 1, 'data': None}
2025-01-16 17:11:46,805 - INFO - ******************************************************************************

2025-01-16 17:11:46,805 - INFO - ######################################################################################








2025-01-16 17:11:46,812 - INFO - Adding job tentatively -- it will be properly scheduled when the scheduler starts
2025-01-16 17:11:46,813 - INFO - Added job "vip_privilege" to job store "default"
2025-01-16 17:11:46,813 - INFO - Scheduler started
2025-01-16 17:11:46,813 - DEBUG - Looking for jobs to run
2025-01-16 17:11:46,813 - DEBUG - Next wakeup is due at 2025-01-16 17:20:00+08:00 (in 493.186081 seconds)
2025-01-16 17:11:46,814 - INFO - Adding job tentatively -- it will be properly scheduled when the scheduler starts
2025-01-16 17:11:46,814 - INFO - Added job "task_summary" to job store "default"
2025-01-16 17:11:46,814 - INFO - Scheduler started
2025-01-16 17:11:46,814 - DEBUG - Looking for jobs to run
2025-01-16 17:11:46,814 - DEBUG - Next wakeup is due at 2025-01-16 17:12:00+08:00 (in 13.185145 seconds)
2025-01-16 17:12:00,000 - DEBUG - Looking for jobs to run
2025-01-16 17:12:00,001 - INFO - 这是一次总结，状态码： -1
2025-01-16 17:12:00,002 - DEBUG - Next wakeup is due at 2025-01-16 17:13:00+08:00 (in 59.997183 seconds)
2025-01-16 17:12:59,736 - INFO - ############################################################################################
2025-01-16 17:12:59,736 - INFO - #####################################  任务开始于此处  #####################################
2025-01-16 17:12:59,736 - INFO - ############################################################################################

2025-01-16 17:13:28,939 - INFO - ############################################################################################
2025-01-16 17:13:28,939 - INFO - #####################################  任务开始于此处  #####################################
2025-01-16 17:13:28,939 - INFO - ############################################################################################

2025-01-16 17:13:28,939 - INFO - ######################################################################################

2025-01-16 17:13:32,111 - INFO - ******************************      B币券      ******************************
2025-01-16 17:13:32,112 - WARNING - Code    : 69801
2025-01-16 17:13:32,112 - WARNING - Message : 你已领取过该权益
2025-01-16 17:13:32,113 - INFO - {'code': 69801, 'message': '你已领取过该权益', 'ttl': 1, 'data': None}
2025-01-16 17:13:32,113 - INFO - ******************************************************************************

2025-01-16 17:13:35,272 - INFO - ******************************   会员购优惠券   ******************************
2025-01-16 17:13:35,273 - WARNING - Code    : 69801
2025-01-16 17:13:35,273 - WARNING - Message : 你已领取过该权益
2025-01-16 17:13:35,273 - INFO - {'code': 69801, 'message': '你已领取过该权益', 'ttl': 1, 'data': None}
2025-01-16 17:13:35,273 - INFO - ******************************************************************************

2025-01-16 17:13:38,416 - INFO - ******************************    漫画福利券    ******************************
2025-01-16 17:13:38,417 - WARNING - Code    : 69801
2025-01-16 17:13:38,417 - WARNING - Message : 你已领取过该权益
2025-01-16 17:13:38,418 - INFO - {'code': 69801, 'message': '你已领取过该权益', 'ttl': 1, 'data': None}
2025-01-16 17:13:38,418 - INFO - ******************************************************************************

2025-01-16 17:13:38,418 - INFO - ######################################################################################








2025-01-16 17:13:38,425 - INFO - Adding job tentatively -- it will be properly scheduled when the scheduler starts
2025-01-16 17:13:38,426 - INFO - Added job "vip_privilege" to job store "default"
2025-01-16 17:13:38,426 - INFO - Scheduler started
2025-01-16 17:13:38,426 - DEBUG - Looking for jobs to run
2025-01-16 17:13:38,426 - DEBUG - Next wakeup is due at 2025-01-16 17:20:00+08:00 (in 381.573273 seconds)
2025-01-16 17:13:38,427 - INFO - Adding job tentatively -- it will be properly scheduled when the scheduler starts
2025-01-16 17:13:38,427 - INFO - Added job "task_summary" to job store "default"
2025-01-16 17:13:38,427 - INFO - Scheduler started
2025-01-16 17:13:38,427 - DEBUG - Looking for jobs to run
2025-01-16 17:13:38,427 - DEBUG - Next wakeup is due at 2025-01-16 17:14:00+08:00 (in 21.572420 seconds)
2025-01-16 17:14:00,000 - DEBUG - Looking for jobs to run
2025-01-16 17:14:00,001 - INFO - 这是一次总结，状态码： -1
2025-01-16 17:14:00,002 - DEBUG - Next wakeup is due at 2025-01-16 17:15:00+08:00 (in 59.997251 seconds)
2025-01-16 17:15:00,000 - DEBUG - Looking for jobs to run
2025-01-16 17:15:00,001 - DEBUG - Next wakeup is due at 2025-01-16 17:16:00+08:00 (in 59.998425 seconds)
2025-01-16 17:15:00,002 - INFO - 这是一次总结，状态码： -1
2025-01-16 17:16:00,000 - DEBUG - Looking for jobs to run
2025-01-16 17:16:00,001 - DEBUG - Next wakeup is due at 2025-01-16 17:17:00+08:00 (in 59.998247 seconds)
2025-01-16 17:16:00,002 - INFO - 这是一次总结，状态码： -1
2025-01-16 17:16:50,790 - INFO - ############################################################################################
2025-01-16 17:16:50,790 - INFO - #####################################  任务开始于此处  #####################################
2025-01-16 17:16:50,790 - INFO - ############################################################################################

2025-01-16 17:16:50,790 - INFO - ######################################################################################

2025-01-16 17:16:53,999 - INFO - ******************************      B币券      ******************************
2025-01-16 17:16:53,999 - WARNING - Code    : 69801
2025-01-16 17:16:54,000 - WARNING - Message : 你已领取过该权益
2025-01-16 17:16:54,000 - INFO - {'code': 69801, 'message': '你已领取过该权益', 'ttl': 1, 'data': None}
2025-01-16 17:16:54,000 - INFO - ******************************************************************************

2025-01-16 17:16:57,229 - INFO - ******************************   会员购优惠券   ******************************
2025-01-16 17:16:57,230 - WARNING - Code    : 69801
2025-01-16 17:16:57,230 - WARNING - Message : 你已领取过该权益
2025-01-16 17:16:57,230 - INFO - {'code': 69801, 'message': '你已领取过该权益', 'ttl': 1, 'data': None}
2025-01-16 17:16:57,230 - INFO - ******************************************************************************

2025-01-16 17:17:00,433 - INFO - ******************************    漫画福利券    ******************************
2025-01-16 17:17:00,434 - WARNING - Code    : 69801
2025-01-16 17:17:00,434 - WARNING - Message : 你已领取过该权益
2025-01-16 17:17:00,434 - INFO - {'code': 69801, 'message': '你已领取过该权益', 'ttl': 1, 'data': None}
2025-01-16 17:17:00,435 - INFO - ******************************************************************************

2025-01-16 17:17:00,435 - INFO - ######################################################################################








2025-01-16 17:17:00,441 - INFO - Adding job tentatively -- it will be properly scheduled when the scheduler starts
2025-01-16 17:17:00,442 - INFO - Added job "vip_privilege" to job store "default"
2025-01-16 17:17:00,442 - INFO - Scheduler started
2025-01-16 17:17:00,443 - DEBUG - Looking for jobs to run
2025-01-16 17:17:00,443 - DEBUG - Next wakeup is due at 2025-01-16 17:20:00+08:00 (in 179.556747 seconds)
2025-01-16 17:17:00,443 - INFO - Adding job tentatively -- it will be properly scheduled when the scheduler starts
2025-01-16 17:17:00,443 - INFO - Added job "task_summary" to job store "default"
2025-01-16 17:17:00,443 - INFO - Scheduler started
2025-01-16 17:17:00,444 - DEBUG - Looking for jobs to run
2025-01-16 17:17:00,444 - DEBUG - Next wakeup is due at 2025-01-16 17:18:00+08:00 (in 59.555871 seconds)
2025-01-16 17:18:00,000 - DEBUG - Looking for jobs to run
2025-01-16 17:18:00,001 - INFO - 这是一次总结，状态码： 1
2025-01-16 17:18:00,002 - DEBUG - Next wakeup is due at 2025-01-16 17:19:00+08:00 (in 59.997092 seconds)
2025-01-16 17:19:00,000 - DEBUG - Looking for jobs to run
2025-01-16 17:19:00,001 - DEBUG - Next wakeup is due at 2025-01-16 17:20:00+08:00 (in 59.998390 seconds)
2025-01-16 17:19:00,002 - INFO - 这是一次总结，状态码： 1
2025-01-16 17:20:00,000 - DEBUG - Looking for jobs to run
2025-01-16 17:20:00,001 - DEBUG - Looking for jobs to run
2025-01-16 17:20:00,002 - INFO - ######################################################################################

2025-01-16 17:20:00,002 - DEBUG - Next wakeup is due at 2025-01-16 17:21:00+08:00 (in 59.997058 seconds)
2025-01-16 17:20:00,003 - DEBUG - Next wakeup is due at 2025-01-16 17:30:00+08:00 (in 599.996423 seconds)
2025-01-16 17:20:00,004 - INFO - 这是一次总结，状态码： 1
2025-01-16 17:20:03,190 - INFO - ******************************      B币券      ******************************
2025-01-16 17:20:03,191 - WARNING - Code    : 69801
2025-01-16 17:20:03,191 - WARNING - Message : 你已领取过该权益
2025-01-16 17:20:03,191 - INFO - {'code': 69801, 'message': '你已领取过该权益', 'ttl': 1, 'data': None}
2025-01-16 17:20:03,192 - INFO - ******************************************************************************

2025-01-16 17:20:06,348 - INFO - ******************************   会员购优惠券   ******************************
2025-01-16 17:20:06,348 - WARNING - Code    : 69801
2025-01-16 17:20:06,349 - WARNING - Message : 你已领取过该权益
2025-01-16 17:20:06,349 - INFO - {'code': 69801, 'message': '你已领取过该权益', 'ttl': 1, 'data': None}
2025-01-16 17:20:06,349 - INFO - ******************************************************************************

2025-01-16 17:20:09,519 - INFO - ******************************    漫画福利券    ******************************
2025-01-16 17:20:09,519 - WARNING - Code    : 69801
2025-01-16 17:20:09,520 - WARNING - Message : 你已领取过该权益
2025-01-16 17:20:09,520 - INFO - {'code': 69801, 'message': '你已领取过该权益', 'ttl': 1, 'data': None}
2025-01-16 17:20:09,520 - INFO - ******************************************************************************

2025-01-16 17:20:09,520 - INFO - ######################################################################################








2025-01-16 17:28:46,355 - INFO - ############################################################################################
2025-01-16 17:28:46,355 - INFO - #####################################  任务开始于此处  #####################################
2025-01-16 17:28:46,355 - INFO - ############################################################################################

2025-01-16 17:28:46,355 - INFO - ######################################################################################

2025-01-16 17:28:49,513 - INFO - ******************************      B币券      ******************************
2025-01-16 17:28:49,514 - WARNING - Code    : 69801
2025-01-16 17:28:49,514 - WARNING - Message : 你已领取过该权益
2025-01-16 17:28:49,514 - INFO - {'code': 69801, 'message': '你已领取过该权益', 'ttl': 1, 'data': None}
2025-01-16 17:28:49,514 - INFO - ******************************************************************************

2025-01-16 17:28:52,710 - INFO - ******************************   会员购优惠券   ******************************
2025-01-16 17:28:52,711 - WARNING - Code    : 69801
2025-01-16 17:28:52,711 - WARNING - Message : 你已领取过该权益
2025-01-16 17:28:52,712 - INFO - {'code': 69801, 'message': '你已领取过该权益', 'ttl': 1, 'data': None}
2025-01-16 17:28:52,712 - INFO - ******************************************************************************

2025-01-16 17:28:55,905 - INFO - ******************************    漫画福利券    ******************************
2025-01-16 17:28:55,906 - WARNING - Code    : 69801
2025-01-16 17:28:55,906 - WARNING - Message : 你已领取过该权益
2025-01-16 17:28:55,907 - INFO - {'code': 69801, 'message': '你已领取过该权益', 'ttl': 1, 'data': None}
2025-01-16 17:28:55,907 - INFO - ******************************************************************************

2025-01-16 17:28:55,907 - INFO - ######################################################################################








2025-01-16 17:28:55,913 - INFO - Adding job tentatively -- it will be properly scheduled when the scheduler starts
2025-01-16 17:28:55,914 - INFO - Added job "vip_privilege" to job store "default"
2025-01-16 17:28:55,914 - INFO - Scheduler started
2025-01-16 17:28:55,915 - DEBUG - Looking for jobs to run
2025-01-16 17:28:55,915 - DEBUG - Next wakeup is due at 2025-01-16 17:30:00+08:00 (in 64.084748 seconds)
2025-01-16 17:28:55,915 - INFO - Adding job tentatively -- it will be properly scheduled when the scheduler starts
2025-01-16 17:28:55,915 - INFO - Added job "task_summary" to job store "default"
2025-01-16 17:28:55,915 - INFO - Scheduler started
2025-01-16 17:28:55,916 - DEBUG - Looking for jobs to run
2025-01-16 17:28:55,916 - DEBUG - Next wakeup is due at 2025-01-16 17:29:00+08:00 (in 4.083921 seconds)
2025-01-16 17:29:00,000 - DEBUG - Looking for jobs to run
2025-01-16 17:29:00,001 - INFO - 这是一次总结，状态码： 
2025-01-16 17:29:00,002 - DEBUG - Next wakeup is due at 2025-01-16 17:30:00+08:00 (in 59.997082 seconds)
2025-01-16 17:30:00,000 - DEBUG - Looking for jobs to run
2025-01-16 17:30:00,000 - DEBUG - Looking for jobs to run
2025-01-16 17:30:00,002 - INFO - ######################################################################################

2025-01-16 17:30:00,003 - DEBUG - Next wakeup is due at 2025-01-16 17:31:00+08:00 (in 59.996894 seconds)
2025-01-16 17:30:00,003 - DEBUG - Next wakeup is due at 2025-01-16 17:40:00+08:00 (in 599.996204 seconds)
2025-01-16 17:30:00,004 - INFO - 这是一次总结，状态码： 
2025-01-16 17:30:03,230 - INFO - ******************************      B币券      ******************************
2025-01-16 17:30:03,231 - WARNING - Code    : 69801
2025-01-16 17:30:03,231 - WARNING - Message : 你已领取过该权益
2025-01-16 17:30:03,231 - INFO - {'code': 69801, 'message': '你已领取过该权益', 'ttl': 1, 'data': None}
2025-01-16 17:30:03,231 - INFO - ******************************************************************************

2025-01-16 17:30:06,422 - INFO - ******************************   会员购优惠券   ******************************
2025-01-16 17:30:06,423 - WARNING - Code    : 69801
2025-01-16 17:30:06,423 - WARNING - Message : 你已领取过该权益
2025-01-16 17:30:06,424 - INFO - {'code': 69801, 'message': '你已领取过该权益', 'ttl': 1, 'data': None}
2025-01-16 17:30:06,424 - INFO - ******************************************************************************

2025-01-16 17:30:09,588 - INFO - ******************************    漫画福利券    ******************************
2025-01-16 17:30:09,588 - WARNING - Code    : 69801
2025-01-16 17:30:09,589 - WARNING - Message : 你已领取过该权益
2025-01-16 17:30:09,589 - INFO - {'code': 69801, 'message': '你已领取过该权益', 'ttl': 1, 'data': None}
2025-01-16 17:30:09,589 - INFO - ******************************************************************************

2025-01-16 17:30:09,590 - INFO - ######################################################################################








2025-01-16 17:31:00,005 - DEBUG - Looking for jobs to run
2025-01-16 17:31:00,006 - DEBUG - Next wakeup is due at 2025-01-16 17:32:00+08:00 (in 59.993096 seconds)
2025-01-16 17:31:00,007 - INFO - 这是一次总结，状态码： 
2025-01-16 17:32:00,000 - DEBUG - Looking for jobs to run
2025-01-16 17:32:00,001 - DEBUG - Next wakeup is due at 2025-01-16 17:33:00+08:00 (in 59.998321 seconds)
2025-01-16 17:32:00,002 - INFO - 这是一次总结，状态码： 
2025-01-16 17:33:00,000 - DEBUG - Looking for jobs to run
2025-01-16 17:33:00,001 - DEBUG - Next wakeup is due at 2025-01-16 17:34:00+08:00 (in 59.998285 seconds)
2025-01-16 17:33:00,002 - INFO - 这是一次总结，状态码： 
2025-01-16 17:34:00,000 - DEBUG - Looking for jobs to run
2025-01-16 17:34:00,001 - DEBUG - Next wakeup is due at 2025-01-16 17:35:00+08:00 (in 59.998442 seconds)
2025-01-16 17:34:00,002 - INFO - 这是一次总结，状态码： 
2025-01-16 17:35:00,000 - DEBUG - Looking for jobs to run
2025-01-16 17:35:00,001 - DEBUG - Next wakeup is due at 2025-01-16 17:36:00+08:00 (in 59.998389 seconds)
2025-01-16 17:35:00,002 - INFO - 这是一次总结，状态码： 
2025-01-16 17:36:00,000 - DEBUG - Looking for jobs to run
2025-01-16 17:36:00,001 - DEBUG - Next wakeup is due at 2025-01-16 17:37:00+08:00 (in 59.998411 seconds)
2025-01-16 17:36:00,002 - INFO - 这是一次总结，状态码： 
2025-01-16 17:37:00,000 - DEBUG - Looking for jobs to run
2025-01-16 17:37:00,001 - DEBUG - Next wakeup is due at 2025-01-16 17:38:00+08:00 (in 59.998307 seconds)
2025-01-16 17:37:00,002 - INFO - 这是一次总结，状态码： 
2025-01-16 17:38:00,000 - DEBUG - Looking for jobs to run
2025-01-16 17:38:00,001 - DEBUG - Next wakeup is due at 2025-01-16 17:39:00+08:00 (in 59.998327 seconds)
2025-01-16 17:38:00,002 - INFO - 这是一次总结，状态码： 
2025-01-16 17:39:00,000 - DEBUG - Looking for jobs to run
2025-01-16 17:39:00,001 - DEBUG - Next wakeup is due at 2025-01-16 17:40:00+08:00 (in 59.998341 seconds)
2025-01-16 17:39:00,002 - INFO - 这是一次总结，状态码： 
2025-01-16 17:40:00,000 - DEBUG - Looking for jobs to run
2025-01-16 17:40:00,001 - DEBUG - Next wakeup is due at 2025-01-16 17:41:00+08:00 (in 59.998394 seconds)
2025-01-16 17:40:00,002 - INFO - 这是一次总结，状态码： 
2025-01-16 17:40:00,004 - DEBUG - Looking for jobs to run
2025-01-16 17:40:00,005 - DEBUG - Next wakeup is due at 2025-01-16 17:50:00+08:00 (in 599.994219 seconds)
2025-01-16 17:40:00,006 - INFO - ######################################################################################

2025-01-16 17:40:03,195 - INFO - ******************************      B币券      ******************************
2025-01-16 17:40:03,196 - WARNING - Code    : 69801
2025-01-16 17:40:03,196 - WARNING - Message : 你已领取过该权益
2025-01-16 17:40:03,196 - INFO - {'code': 69801, 'message': '你已领取过该权益', 'ttl': 1, 'data': None}
2025-01-16 17:40:03,197 - INFO - ******************************************************************************

2025-01-16 17:40:06,371 - INFO - ******************************   会员购优惠券   ******************************
2025-01-16 17:40:06,372 - WARNING - Code    : 69801
2025-01-16 17:40:06,372 - WARNING - Message : 你已领取过该权益
2025-01-16 17:40:06,372 - INFO - {'code': 69801, 'message': '你已领取过该权益', 'ttl': 1, 'data': None}
2025-01-16 17:40:06,373 - INFO - ******************************************************************************

2025-01-16 17:40:09,549 - INFO - ******************************    漫画福利券    ******************************
2025-01-16 17:40:09,550 - WARNING - Code    : 69801
2025-01-16 17:40:09,551 - WARNING - Message : 你已领取过该权益
2025-01-16 17:40:09,551 - INFO - {'code': 69801, 'message': '你已领取过该权益', 'ttl': 1, 'data': None}
2025-01-16 17:40:09,551 - INFO - ******************************************************************************

2025-01-16 17:40:09,551 - INFO - ######################################################################################








2025-01-16 17:41:00,000 - DEBUG - Looking for jobs to run
2025-01-16 17:41:00,002 - DEBUG - Next wakeup is due at 2025-01-16 17:42:00+08:00 (in 59.997609 seconds)
2025-01-16 17:41:00,002 - INFO - 这是一次总结，状态码： 
2025-01-16 17:42:00,000 - DEBUG - Looking for jobs to run
2025-01-16 17:42:00,001 - DEBUG - Next wakeup is due at 2025-01-16 17:43:00+08:00 (in 59.998248 seconds)
2025-01-16 17:42:00,002 - INFO - 这是一次总结，状态码： 
2025-01-16 17:43:00,000 - DEBUG - Looking for jobs to run
2025-01-16 17:43:00,001 - DEBUG - Next wakeup is due at 2025-01-16 17:44:00+08:00 (in 59.998296 seconds)
2025-01-16 17:43:00,002 - INFO - 这是一次总结，状态码： 
2025-01-16 17:44:00,000 - DEBUG - Looking for jobs to run
2025-01-16 17:44:00,001 - DEBUG - Next wakeup is due at 2025-01-16 17:45:00+08:00 (in 59.998279 seconds)
2025-01-16 17:44:00,002 - INFO - 这是一次总结，状态码： 
